TN:
SF:lib/controller/home_controller.dart
FNF:0
FNH:0
DA:11,1
DA:14,4
DA:17,1
DA:18,3
LF:4
LH:4
end_of_record
TN:
SF:lib/repository/home_repository.dart
FNF:0
FNH:0
DA:12,1
DA:13,2
DA:15,0
DA:19,0
DA:20,0
DA:22,0
LF:6
LH:2
end_of_record
TN:
SF:lib/view/home_page.dart
FNF:0
FNH:0
DA:7,1
DA:10,1
DA:12,1
DA:13,1
DA:20,1
DA:22,3
DA:24,1
DA:27,1
DA:29,2
DA:30,3
DA:32,1
DA:33,1
DA:34,1
DA:35,1
DA:36,2
DA:37,2
DA:40,1
DA:41,1
DA:42,3
DA:43,1
DA:44,4
DA:45,1
DA:46,2
DA:47,2
DA:50,1
DA:51,1
DA:52,1
DA:53,1
DA:56,1
DA:57,1
DA:59,0
DA:60,1
LF:32
LH:31
end_of_record
